\BOOKMARK [1][-]{section.1}{\376\377\000G\000i\036\333\000i\000\040\000t\000h\000i\036\307\000u\000\040\000b\000\340\000i\000\040\000t\000o\000\341\000n}{}% 1
\BOOKMARK [2][-]{subsection.1.1}{\376\377\000B\036\321\000i\000\040\000c\036\243\000n\000h}{section.1}% 2
\BOOKMARK [2][-]{subsection.1.2}{\376\377\000L\000\375\000\040\000d\000o\000\040\000c\000h\036\315\000n\000\040\001\021\036\301\000\040\000t\000\340\000i}{section.1}% 3
\BOOKMARK [2][-]{subsection.1.3}{\376\377\001\020\036\321\000i\000\040\000t\001\260\036\343\000n\000g\000\040\000s\036\355\000\040\000d\036\345\000n\000g\000\040\000h\036\307\000\040\000t\000h\036\321\000n\000g}{section.1}% 4
\BOOKMARK [1][-]{section.2}{\376\377\000M\036\345\000c\000\040\000t\000i\000\352\000u\000\040\000h\036\327\000\040\000t\000r\036\343\000\040\000r\000a\000\040\000q\000u\000y\036\277\000t\000\040\001\021\036\313\000n\000h}{}% 5
\BOOKMARK [2][-]{subsection.2.1}{\376\377\000Q\000u\000y\036\277\000t\000\040\001\021\036\313\000n\000h\000\040\000p\000h\000\342\000n\000\040\000b\036\325\000\040\000n\000g\000\342\000n\000\040\000s\000\341\000c\000h\000\040\000k\000h\000u\000y\036\277\000n\000\040\000m\000\343\000i}{section.2}% 6
\BOOKMARK [2][-]{subsection.2.2}{\376\377\000Q\000u\000y\036\277\000t\000\040\001\021\036\313\000n\000h\000\040\000t\036\321\000i\000\040\001\260\000u\000\040\000h\000\363\000a\000\040\000c\000h\000i\036\277\000n\000\040\000d\036\313\000c\000h\000\040\000Q\000u\036\243\000n\000g\000\040\000c\000\341\000o\000\040\000b\000\341\000m\000\040\001\021\000u\000\364\000i\000\040}{section.2}% 7
\BOOKMARK [2][-]{subsection.2.3}{\376\377\000Q\000u\000y\036\277\000t\000\040\001\021\036\313\000n\000h\000\040\000c\000a\000n\000\040\000t\000h\000i\036\307\000p\000\040\000h\036\327\000\040\000t\000r\036\343\000\040\000t\000h\036\335\000i\000\040\000g\000i\000a\000n\000\040\000t\000h\036\361\000c}{section.2}% 8
\BOOKMARK [1][-]{section.3}{\376\377\000M\000\364\000\040\000t\036\243\000\040\000v\000\340\000\040\000t\000i\036\301\000n\000\040\000x\036\355\000\040\000l\000\375\000\040\000d\036\357\000\040\000l\000i\036\307\000u}{}% 9
\BOOKMARK [2][-]{subsection.3.1}{\376\377\000N\000g\000u\036\323\000n\000\040\000d\036\357\000\040\000l\000i\036\307\000u}{section.3}% 10
\BOOKMARK [2][-]{subsection.3.2}{\376\377\000M\000\364\000\040\000t\036\243\000\040\000b\000\340\000i\000\040\000t\000o\000\341\000n}{section.3}% 11
\BOOKMARK [2][-]{subsection.3.3}{\376\377\000\335\000\040\000n\000g\000h\001\051\000a\000\040\000c\000\341\000c\000\040\000b\000i\036\277\000n\000\040\000b\000a\000n\000\040\001\021\036\247\000u}{section.3}% 12
\BOOKMARK [2][-]{subsection.3.4}{\376\377\000K\000i\036\303\000m\000\040\000t\000r\000a\000\040\000v\000\340\000\040\001\020\000\341\000n\000h\000\040\000g\000i\000\341\000\040\000c\000h\036\245\000t\000\040\000l\001\260\036\343\000n\000g\000\040\000d\036\357\000\040\000l\000i\036\307\000u}{section.3}% 13
\BOOKMARK [2][-]{subsection.3.5}{\376\377\000L\000\340\000m\000\040\000s\036\241\000c\000h\000\040\000d\036\357\000\040\000l\000i\036\307\000u}{section.3}% 14
\BOOKMARK [2][-]{subsection.3.6}{\376\377\000T\000r\000\355\000c\000h\000\040\000x\000u\036\245\000t\000\040\001\021\036\267\000c\000\040\000t\000r\001\260\000n\000g}{section.3}% 15
\BOOKMARK [1][-]{section.4}{\376\377\000K\000h\000\341\000m\000\040\000p\000h\000\341\000\040\000d\036\357\000\040\000l\000i\036\307\000u}{}% 16
\BOOKMARK [2][-]{subsection.4.1}{\376\377\000P\000h\000\342\000n\000\040\000b\036\321\000\040\000d\036\357\000\040\000l\000i\036\307\000u\000\040\000c\036\347\000a\000\040\000n\000h\000\343\000n}{section.4}% 17
\BOOKMARK [2][-]{subsection.4.2}{\376\377\000P\000h\000\342\000n\000\040\000b\036\321\000\040\000d\036\357\000\040\000l\000i\036\307\000u\000\040\000c\000\341\000c\000\040\001\021\036\267\000c\000\040\000t\000r\001\260\000n\000g}{section.4}% 18
\BOOKMARK [2][-]{subsection.4.3}{\376\377\000S\000o\000\040\000s\000\341\000n\000h\000\040\000R\000F\000M\000\040\000g\000i\036\357\000a\000\040\000h\000a\000i\000\040\000n\000h\000\343\000n}{section.4}% 19
\BOOKMARK [2][-]{subsection.4.4}{\376\377\000H\000\340\000n\000h\000\040\000v\000i\000\040\000m\000u\000a\000\040\000h\000\340\000n\000g\000\040\000s\000o\000\040\000v\036\333\000i\000\040\000c\000\341\000c\000\040\001\021\036\267\000c\000\040\000t\000r\001\260\000n\000g\000\040\000t\000h\036\335\000i\000\040\000g\000i\000a\000n}{section.4}% 20
\BOOKMARK [2][-]{subsection.4.5}{\376\377\000M\036\321\000i\000\040\000t\001\260\001\241\000n\000g\000\040\000q\000u\000a\000n\000\040\000g\000i\036\357\000a\000\040\000c\000\341\000c\000\040\001\021\036\267\000c\000\040\000t\000r\001\260\000n\000g}{section.4}% 21
\BOOKMARK [1][-]{section.5}{\376\377\000H\000u\036\245\000n\000\040\000l\000u\000y\036\307\000n\000\040\000m\000\364\000\040\000h\000\354\000n\000h}{}% 22
\BOOKMARK [2][-]{subsection.5.1}{\376\377\000M\036\345\000c\000\040\000t\000i\000\352\000u\000\040\000m\000\364\000\040\000h\000\354\000n\000h}{section.5}% 23
\BOOKMARK [2][-]{subsection.5.2}{\376\377\000X\000\342\000y\000\040\000d\036\361\000n\000g\000\040\000m\000\364\000\040\000h\000\354\000n\000h}{section.5}% 24
\BOOKMARK [2][-]{subsection.5.3}{\376\377\000T\000i\000\352\000u\000\040\000c\000h\000\355\000\040\000l\036\361\000a\000\040\000c\000h\036\315\000n\000\040\000v\000\340\000\040\001\021\000\341\000n\000h\000\040\000g\000i\000\341\000\040\000m\000\364\000\040\000h\000\354\000n\000h}{section.5}% 25
\BOOKMARK [2][-]{subsection.5.4}{\376\377\000K\000i\036\277\000n\000\040\000t\000r\000\372\000c\000\040\000v\000\340\000\040\000x\000\342\000y\000\040\000d\036\361\000n\000g\000\040\000m\000\364\000\040\000h\000\354\000n\000h}{section.5}% 26
\BOOKMARK [1][-]{section.6}{\376\377\000K\036\277\000t\000\040\000q\000u\036\243\000\040\000v\000\340\000\040\001\021\000\341\000n\000h\000\040\000g\000i\000\341}{}% 27
\BOOKMARK [2][-]{subsection.6.1}{\376\377\000K\036\277\000t\000\040\000q\000u\036\243\000\040\000m\000\364\000\040\000h\000\354\000n\000h\000\040\000c\001\241\000\040\000s\036\337\000\040}{section.6}% 28
\BOOKMARK [2][-]{subsection.6.2}{\376\377\000M\000\364\000\040\000h\000\354\000n\000h\000\040\000R\000a\000n\000d\000o\000m\000\040\000F\000o\000r\000e\000s\000t}{section.6}% 29
\BOOKMARK [2][-]{subsection.6.3}{\376\377\000M\000\364\000\040\000h\000\354\000n\000h\000\040\000s\036\355\000\040\000d\036\345\000n\000g\000\040\000G\000r\000a\000d\000i\000e\000n\000t\000\040\000B\000o\000o\000s\000t\000i\000n\000g}{section.6}% 30
\BOOKMARK [2][-]{subsection.6.4}{\376\377\000T\036\325\000n\000g\000\040\000h\036\343\000p\000\040\000k\036\277\000t\000\040\000q\000u\036\243}{section.6}% 31
\BOOKMARK [1][-]{section.7}{\376\377\000K\000h\000u\000y\036\277\000n\000\040\000n\000g\000h\036\313\000\040\000r\000a\000\040\000q\000u\000y\036\277\000t\000\040\001\021\036\313\000n\000h}{}% 32
\BOOKMARK [2][-]{subsection.7.1}{\376\377\000K\000h\000u\000y\036\277\000n\000\040\000n\000g\000h\036\313}{section.7}% 33
\BOOKMARK [2][-]{subsection.7.2}{\376\377\001\020\000\341\000n\000h\000\040\000g\000i\000\341\000\040\000R\036\347\000i\000\040\000r\000o\000\040\000v\000\340\000\040\000H\036\241\000n\000\040\000c\000h\036\277\000\040\000c\036\347\000a\000\040\000h\036\307\000\040\000t\000h\036\321\000n\000g\000\040}{section.7}% 34
\BOOKMARK [1][-]{section.8}{\376\377\000H\036\241\000n\000\040\000c\000h\036\277\000\040\000v\000\340\000\040\000h\001\260\036\333\000n\000g\000\040\000p\000h\000\341\000t\000\040\000t\000r\000i\036\303\000n}{}% 35
\BOOKMARK [2][-]{subsection.8.1}{\376\377\000H\036\241\000n\000\040\000c\000h\036\277\000\040\000c\036\347\000a\000\040\000d\036\357\000\040\000l\000i\036\307\000u\000\040\000v\000\340\000\040\000m\000\364\000\040\000h\000\354\000n\000h\000\040\000h\000i\036\307\000n\000\040\000t\036\241\000i\000\040}{section.8}% 36
\BOOKMARK [2][-]{subsection.8.2}{\376\377\000H\001\260\036\333\000n\000g\000\040\000p\000h\000\341\000t\000\040\000t\000r\000i\036\303\000n\000\040\000t\000r\000o\000n\000g\000\040\000t\001\260\001\241\000n\000g\000\040\000l\000a\000i\000\040}{section.8}% 37
\BOOKMARK [1][-]{section.9}{\376\377\000P\000h\000\342\000n\000\040\000c\000\364\000n\000g\000\040\000c\000\364\000n\000g\000\040\000v\000i\036\307\000c}{}% 38
\BOOKMARK [1][-]{section.10}{\376\377\001\020\000\363\000n\000g\000\040\000g\000\363\000i\000\040\036\351\000n\000g\000\040\000d\036\345\000n\000g}{}% 39
\BOOKMARK [1][-]{section.11}{\376\377\000S\036\355\000\040\000d\036\345\000n\000g\000\040\000A\000I}{}% 40
\BOOKMARK [1][-]{section.12}{\376\377\000M\000i\000n\000h\000\040\000c\000h\036\351\000n\000g}{}% 41
